TN:
SF:C:\Users\benjamin.carl\Dropbox\Clickalicious\Projekte\ci-github-bot\gruntfile.js
FNF:0
FNH:0
LF:0
LH:0
BRF:0
BRH:0
end_of_record
TN:
SF:C:\Users\benjamin.carl\Dropbox\Clickalicious\Projekte\ci-github-bot\lib\ci-github-bot.js
FN:15,(anonymous_0)
FN:29,(anonymous_1)
FN:47,(anonymous_2)
FN:57,(anonymous_3)
FN:66,(anonymous_4)
FN:76,(anonymous_5)
FN:85,(anonymous_6)
FN:95,(anonymous_7)
FN:104,(anonymous_8)
FN:114,(anonymous_9)
FNF:10
FNH:10
FNDA:2,(anonymous_0)
FNDA:2,(anonymous_1)
FNDA:1,(anonymous_2)
FNDA:2,(anonymous_3)
FNDA:1,(anonymous_4)
FNDA:2,(anonymous_5)
FNDA:3,(anonymous_6)
FNDA:2,(anonymous_7)
FNDA:1,(anonymous_8)
FNDA:2,(anonymous_9)
DA:2,1
DA:16,2
DA:30,2
DA:31,1
DA:32,1
DA:33,1
DA:36,1
DA:37,1
DA:39,1
DA:48,1
DA:58,2
DA:59,2
DA:67,1
DA:77,2
DA:78,2
DA:86,3
DA:96,2
DA:97,2
DA:105,1
DA:115,2
DA:116,2
DA:124,1
DA:130,1
DA:136,1
DA:137,1
LF:25
LH:25
BRDA:30,0,0,1
BRDA:30,0,1,1
BRF:2
BRH:2
end_of_record
TN:
SF:C:\Users\benjamin.carl\Dropbox\Clickalicious\Projekte\ci-github-bot\lib\di-configuration.js
FN:38,(anonymous_0)
FN:68,(anonymous_1)
FNF:2
FNH:2
FNDA:2,(anonymous_0)
FNDA:3,(anonymous_1)
DA:2,1
DA:21,1
DA:22,1
DA:23,1
DA:24,1
DA:25,1
DA:40,2
DA:43,2
DA:44,2
DA:46,1
DA:47,1
DA:50,2
DA:69,3
DA:77,1
DA:83,1
DA:84,1
LF:16
LH:16
BRDA:38,0,0,1
BRDA:44,1,0,1
BRF:2
BRH:2
end_of_record
TN:
SF:C:\Users\benjamin.carl\Dropbox\Clickalicious\Projekte\ci-github-bot\lib\configuration\comment.js
FN:15,(anonymous_0)
FN:26,(anonymous_1)
FN:36,(anonymous_2)
FN:45,(anonymous_3)
FN:55,(anonymous_4)
FNF:5
FNH:5
FNDA:1,(anonymous_0)
FNDA:1,(anonymous_1)
FNDA:1,(anonymous_2)
FNDA:1,(anonymous_3)
FNDA:1,(anonymous_4)
DA:2,1
DA:16,1
DA:19,1
DA:27,1
DA:37,1
DA:38,1
DA:46,1
DA:56,1
DA:57,1
DA:60,1
LF:10
LH:10
BRF:0
BRH:0
end_of_record
TN:
SF:C:\Users\benjamin.carl\Dropbox\Clickalicious\Projekte\ci-github-bot\lib\configuration\github.js
FN:13,(anonymous_0)
FN:30,(anonymous_1)
FN:40,(anonymous_2)
FN:49,(anonymous_3)
FN:59,(anonymous_4)
FN:68,(anonymous_5)
FN:78,(anonymous_6)
FN:87,(anonymous_7)
FN:96,(anonymous_8)
FN:105,(anonymous_9)
FN:114,(anonymous_10)
FN:122,(anonymous_11)
FN:132,(anonymous_12)
FNF:13
FNH:13
FNDA:3,(anonymous_0)
FNDA:4,(anonymous_1)
FNDA:3,(anonymous_2)
FNDA:1,(anonymous_3)
FNDA:3,(anonymous_4)
FNDA:1,(anonymous_5)
FNDA:3,(anonymous_6)
FNDA:1,(anonymous_7)
FNDA:1,(anonymous_8)
FNDA:1,(anonymous_9)
FNDA:1,(anonymous_10)
FNDA:2,(anonymous_11)
FNDA:1,(anonymous_12)
DA:2,1
DA:19,3
DA:20,3
DA:31,4
DA:41,3
DA:42,3
DA:50,1
DA:60,3
DA:61,3
DA:69,1
DA:79,3
DA:80,3
DA:89,1
DA:98,1
DA:107,1
DA:115,1
DA:123,2
DA:133,1
DA:134,1
DA:137,1
LF:20
LH:20
BRF:0
BRH:0
end_of_record
TN:
SF:C:\Users\benjamin.carl\Dropbox\Clickalicious\Projekte\ci-github-bot\lib\helper\renderer\vanilla-js.js
FN:14,(anonymous_0)
FN:42,(anonymous_1)
FNF:2
FNH:2
FNDA:2,(anonymous_0)
FNDA:2,(anonymous_1)
DA:2,1
DA:15,2
DA:16,2
DA:17,2
DA:18,2
DA:19,2
DA:20,2
DA:21,2
DA:22,3
DA:25,3
DA:26,3
DA:27,1
DA:29,2
DA:31,1
DA:33,1
DA:43,2
DA:46,1
LF:17
LH:17
BRDA:26,0,0,1
BRDA:26,0,1,2
BRF:2
BRH:2
end_of_record
TN:
SF:C:\Users\benjamin.carl\Dropbox\Clickalicious\Projekte\ci-github-bot\lib\helper\request\vanilla-js.js
FN:25,(anonymous_0)
FN:39,(anonymous_1)
FN:47,(anonymous_2)
FN:50,(anonymous_3)
FN:53,(anonymous_4)
FN:64,(anonymous_5)
FN:74,(anonymous_6)
FN:83,(anonymous_7)
FN:93,(anonymous_8)
FNF:9
FNH:9
FNDA:1,(anonymous_0)
FNDA:2,(anonymous_1)
FNDA:2,(anonymous_2)
FNDA:1,(anonymous_3)
FNDA:1,(anonymous_4)
FNDA:2,(anonymous_5)
FNDA:1,(anonymous_6)
FNDA:2,(anonymous_7)
FNDA:1,(anonymous_8)
DA:2,1
DA:15,1
DA:26,1
DA:40,2
DA:47,2
DA:49,2
DA:51,1
DA:54,1
DA:65,2
DA:75,1
DA:76,1
DA:84,2
DA:94,1
DA:95,1
DA:103,1
DA:104,1
LF:16
LH:16
BRF:0
BRH:0
end_of_record
TN:
SF:C:\Users\benjamin.carl\Dropbox\Clickalicious\Projekte\ci-github-bot\lib\helper\url-builder\github-api.js
FN:12,(anonymous_0)
FN:23,(anonymous_1)
FN:35,(anonymous_2)
FN:45,(anonymous_3)
FN:55,(anonymous_4)
FNF:5
FNH:5
FNDA:1,(anonymous_0)
FNDA:1,(anonymous_1)
FNDA:1,(anonymous_2)
FNDA:4,(anonymous_3)
FNDA:1,(anonymous_4)
DA:2,1
DA:13,1
DA:24,1
DA:36,1
DA:46,4
DA:56,1
DA:57,1
DA:60,1
LF:8
LH:8
BRF:0
BRH:0
end_of_record
TN:
SF:C:\Users\benjamin.carl\Dropbox\Clickalicious\Projekte\ci-github-bot\lib\helper\url-parser\github.js
FN:24,(anonymous_0)
FN:38,(anonymous_1)
FN:54,(anonymous_2)
FN:68,(anonymous_3)
FN:81,(anonymous_4)
FN:91,(anonymous_5)
FN:100,(anonymous_6)
FN:110,(anonymous_7)
FN:119,(anonymous_8)
FN:129,(anonymous_9)
FN:138,(anonymous_10)
FN:148,(anonymous_11)
FN:157,(anonymous_12)
FN:167,(anonymous_13)
FNF:14
FNH:14
FNDA:4,(anonymous_0)
FNDA:2,(anonymous_1)
FNDA:6,(anonymous_2)
FNDA:4,(anonymous_3)
FNDA:6,(anonymous_4)
FNDA:4,(anonymous_5)
FNDA:3,(anonymous_6)
FNDA:4,(anonymous_7)
FNDA:3,(anonymous_8)
FNDA:4,(anonymous_9)
FNDA:4,(anonymous_10)
FNDA:4,(anonymous_11)
FNDA:3,(anonymous_12)
FNDA:4,(anonymous_13)
DA:2,1
DA:26,4
DA:27,1
DA:29,3
DA:40,2
DA:41,1
DA:43,1
DA:55,6
DA:56,6
DA:58,6
DA:59,2
DA:61,6
DA:69,4
DA:70,4
DA:82,6
DA:92,4
DA:93,4
DA:101,3
DA:111,4
DA:112,4
DA:120,3
DA:130,4
DA:131,4
DA:139,4
DA:149,4
DA:150,4
DA:158,3
DA:168,4
DA:169,4
DA:172,1
LF:30
LH:30
BRDA:26,0,0,1
BRDA:26,0,1,3
BRDA:40,1,0,1
BRDA:40,1,1,1
BRDA:58,2,0,2
BRDA:58,2,1,4
BRDA:58,3,0,6
BRDA:58,3,1,4
BRF:8
BRH:8
end_of_record
